2016/03/22 14:52:35 INFO  - jmeter.util.JMeterUtils: Setting Locale to en_IN 
2016/03/22 14:52:35 INFO  - jmeter.JMeter: Loading user properties from: C:\Users\msurendra\Downloads\maven-jmeter-master\maven-jmeter-master\target\jmeter\bin\user.properties 
2016/03/22 14:52:35 INFO  - jmeter.JMeter: Loading system properties from: C:\Users\msurendra\Downloads\maven-jmeter-master\maven-jmeter-master\target\jmeter\bin\system.properties 
2016/03/22 14:52:35 INFO  - jmeter.JMeter: Copyright (c) 1998-2012 The Apache Software Foundation 
2016/03/22 14:52:35 INFO  - jmeter.JMeter: Version 2.6 r1237317 
2016/03/22 14:52:35 INFO  - jmeter.JMeter: java.version=1.7.0_67 
2016/03/22 14:52:35 INFO  - jmeter.JMeter: java.vm.name=Java HotSpot(TM) 64-Bit Server VM 
2016/03/22 14:52:35 INFO  - jmeter.JMeter: os.name=Windows 7 
2016/03/22 14:52:35 INFO  - jmeter.JMeter: os.arch=amd64 
2016/03/22 14:52:35 INFO  - jmeter.JMeter: os.version=6.1 
2016/03/22 14:52:35 INFO  - jmeter.JMeter: file.encoding=Cp1252 
2016/03/22 14:52:35 INFO  - jmeter.JMeter: Default Locale=English (India) 
2016/03/22 14:52:35 INFO  - jmeter.JMeter: JMeter  Locale=English (India) 
2016/03/22 14:52:35 INFO  - jmeter.JMeter: JMeterHome=C:\Users\msurendra\Downloads\maven-jmeter-master\maven-jmeter-master\target\jmeter 
2016/03/22 14:52:35 INFO  - jmeter.JMeter: user.dir  =C:\Users\msurendra\Downloads\maven-jmeter-master\maven-jmeter-master\target\jmeter\bin 
2016/03/22 14:52:35 INFO  - jmeter.JMeter: PWD       =C:\Users\msurendra\Downloads\maven-jmeter-master\maven-jmeter-master\target\jmeter\bin 
2016/03/22 14:52:35 INFO  - jmeter.JMeter: IP: 192.168.78.117 Name: AIPL-LT-273 FullName: AIPL-LT-273.altimetrik.com 
2016/03/22 14:52:35 INFO  - jmeter.services.FileServer: Default base='C:\Users\msurendra\Downloads\maven-jmeter-master\maven-jmeter-master\target\jmeter\bin' 
2016/03/22 14:52:35 INFO  - jmeter.services.FileServer: Set new base='C:\Users\msurendra\Downloads\maven-jmeter-master\maven-jmeter-master\src\test\jmeter' 
2016/03/22 14:52:35 INFO  - jmeter.JMeter: Loading file: C:\Users\msurendra\Downloads\maven-jmeter-master\maven-jmeter-master\src\test\jmeter\Remitter_Registration.jmx 
2016/03/22 14:52:35 INFO  - jmeter.save.SaveService: Testplan (JMX) version: 2.2. Testlog (JTL) version: 2.2 
2016/03/22 14:52:35 INFO  - jmeter.save.SaveService: Using SaveService properties file encoding UTF-8 
2016/03/22 14:52:35 INFO  - jmeter.save.SaveService: Using SaveService properties file version 1234216 
2016/03/22 14:52:35 INFO  - jmeter.save.SaveService: Using SaveService properties version 2.2 
2016/03/22 14:52:35 INFO  - jmeter.save.SaveService: All converter versions present and correct 
2016/03/22 14:52:35 INFO  - jmeter.protocol.http.control.CookieManager: Settings: Delete null: true Check: true Allow variable: true Save: false Prefix: COOKIE_ 
2016/03/22 14:52:35 INFO  - jmeter.protocol.http.sampler.HTTPSamplerBase: Cannot find .className property for htmlParser, using default 
2016/03/22 14:52:35 INFO  - jmeter.protocol.http.sampler.HTTPSamplerBase: Parser for text/html is  
2016/03/22 14:52:35 INFO  - jmeter.protocol.http.sampler.HTTPSamplerBase: Parser for application/xhtml+xml is  
2016/03/22 14:52:35 INFO  - jmeter.protocol.http.sampler.HTTPSamplerBase: Parser for application/xml is  
2016/03/22 14:52:35 INFO  - jmeter.protocol.http.sampler.HTTPSamplerBase: Parser for text/xml is  
2016/03/22 14:52:35 INFO  - jmeter.protocol.http.sampler.HTTPSamplerBase: Parser for text/vnd.wap.wml is org.apache.jmeter.protocol.http.parser.RegexpHTMLParser 
2016/03/22 14:52:35 INFO  - jmeter.protocol.http.sampler.HTTPSamplerBase: Reuse SSL session context on subsequent iterations: true 
2016/03/22 14:52:35 INFO  - jmeter.engine.StandardJMeterEngine: Running the test! 
2016/03/22 14:52:35 INFO  - jmeter.engine.util.CompoundVariable: Note: Function class names must contain the string: '.functions.' 
2016/03/22 14:52:35 INFO  - jmeter.engine.util.CompoundVariable: Note: Function class names must not contain the string: '.gui.' 
2016/03/22 14:52:35 INFO  - jmeter.JMeter: Running test (1458638555732) 
2016/03/22 14:52:35 INFO  - jmeter.engine.StandardJMeterEngine: Starting 8 threads for group Thread Group. 
2016/03/22 14:52:35 INFO  - jmeter.engine.StandardJMeterEngine: Thread will continue on error 
2016/03/22 14:52:35 INFO  - jmeter.threads.JMeterThread: jmeterthread.startearlier=true (see jmeter.properties) 
2016/03/22 14:52:35 INFO  - jmeter.threads.JMeterThread: Running PostProcessors in forward order 
2016/03/22 14:52:35 INFO  - jmeter.engine.StandardJMeterEngine: All threads have been started 
2016/03/22 14:52:36 INFO  - jmeter.threads.JMeterThread: Thread started: Thread Group 1-1 
2016/03/22 14:52:36 INFO  - jmeter.services.FileServer: Stored: D:\Altifin\Scriptsc\parameters\remitter_registration.csv Alias: D:\Altifin\Scriptsc\parameters\remitter_registration.csv@shareMode.all 
2016/03/22 14:52:36 ERROR - jmeter.config.CSVDataSet: java.io.FileNotFoundException: D:\Altifin\Scriptsc\parameters\remitter_registration.csv (The system cannot find the path specified) 
2016/03/22 14:52:36 INFO  - jmeter.protocol.http.sampler.HTTPJavaImpl: Maximum connection retries = 10 
2016/03/22 14:52:36 INFO  - jmeter.samplers.SampleResult: Note: Sample TimeStamps are START times 
2016/03/22 14:52:36 INFO  - jmeter.samplers.SampleResult: sampleresult.default.encoding is set to ISO-8859-1 
2016/03/22 14:52:36 INFO  - jmeter.samplers.SampleResult: sampleresult.useNanoTime=true 
2016/03/22 14:52:36 INFO  - jmeter.samplers.SampleResult: sampleresult.nanoThreadSleep=5000 
2016/03/22 14:52:36 ERROR - jmeter.protocol.http.sampler.HTTPJavaImpl: readResponse: java.io.IOException: Server returned HTTP response code: 503 for URL: http://paysalb-1524686362.ap-southeast-1.elb.amazonaws.com/AltiFin-Client/ 
2016/03/22 14:52:36 ERROR - jmeter.protocol.http.sampler.HTTPJavaImpl: Cause: java.io.IOException: Server returned HTTP response code: 503 for URL: http://paysalb-1524686362.ap-southeast-1.elb.amazonaws.com/AltiFin-Client/ 
2016/03/22 14:52:36 INFO  - jmeter.protocol.http.sampler.HTTPJavaImpl: Error Response Code: 503, Server sent no Errorpage 
2016/03/22 14:52:36 ERROR - jmeter.protocol.http.sampler.HTTPJavaImpl: readResponse: java.io.IOException: Server returned HTTP response code: 503 for URL: http://paysalb-1524686362.ap-southeast-1.elb.amazonaws.com/AltiFin-Client/resources/login-en_US.json 
2016/03/22 14:52:36 ERROR - jmeter.protocol.http.sampler.HTTPJavaImpl: Cause: java.io.IOException: Server returned HTTP response code: 503 for URL: http://paysalb-1524686362.ap-southeast-1.elb.amazonaws.com/AltiFin-Client/resources/login-en_US.json 
2016/03/22 14:52:36 INFO  - jmeter.protocol.http.sampler.HTTPJavaImpl: Error Response Code: 503, Server sent no Errorpage 
2016/03/22 14:52:36 ERROR - jmeter.protocol.http.sampler.HTTPJavaImpl: readResponse: java.io.IOException: Server returned HTTP response code: 503 for URL: http://paysalb-1524686362.ap-southeast-1.elb.amazonaws.com/AltiFin-Client/views/login.html 
2016/03/22 14:52:36 ERROR - jmeter.protocol.http.sampler.HTTPJavaImpl: Cause: java.io.IOException: Server returned HTTP response code: 503 for URL: http://paysalb-1524686362.ap-southeast-1.elb.amazonaws.com/AltiFin-Client/views/login.html 
2016/03/22 14:52:36 INFO  - jmeter.protocol.http.sampler.HTTPJavaImpl: Error Response Code: 503, Server sent no Errorpage 
2016/03/22 14:52:36 ERROR - jmeter.protocol.http.sampler.HTTPJavaImpl: readResponse: java.io.IOException: Server returned HTTP response code: 503 for URL: http://paysalb-1524686362.ap-southeast-1.elb.amazonaws.com/AltiFin-Client/resources/remitter-en_US.json 
2016/03/22 14:52:36 ERROR - jmeter.protocol.http.sampler.HTTPJavaImpl: Cause: java.io.IOException: Server returned HTTP response code: 503 for URL: http://paysalb-1524686362.ap-southeast-1.elb.amazonaws.com/AltiFin-Client/resources/remitter-en_US.json 
2016/03/22 14:52:36 INFO  - jmeter.protocol.http.sampler.HTTPJavaImpl: Error Response Code: 503, Server sent no Errorpage 
2016/03/22 14:52:37 ERROR - jmeter.protocol.http.sampler.HTTPJavaImpl: readResponse: java.io.IOException: Server returned HTTP response code: 503 for URL: http://paysalb-1524686362.ap-southeast-1.elb.amazonaws.com/AltiFin-DevCom/rest/remit/login 
2016/03/22 14:52:37 ERROR - jmeter.protocol.http.sampler.HTTPJavaImpl: Cause: java.io.IOException: Server returned HTTP response code: 503 for URL: http://paysalb-1524686362.ap-southeast-1.elb.amazonaws.com/AltiFin-DevCom/rest/remit/login 
2016/03/22 14:52:37 INFO  - jmeter.protocol.http.sampler.HTTPJavaImpl: Error Response Code: 503, Server sent no Errorpage 
2016/03/22 14:52:39 INFO  - jmeter.threads.JMeterThread: Thread finished: Thread Group 1-1 
2016/03/22 14:52:39 INFO  - jmeter.engine.StandardJMeterEngine: Ending thread Thread Group 1-1 
2016/03/22 14:52:42 INFO  - jmeter.threads.JMeterThread: Thread started: Thread Group 1-2 
2016/03/22 14:52:42 ERROR - jmeter.config.CSVDataSet: java.io.FileNotFoundException: D:\Altifin\Scriptsc\parameters\remitter_registration.csv (The system cannot find the path specified) 
2016/03/22 14:52:42 ERROR - jmeter.protocol.http.sampler.HTTPJavaImpl: readResponse: java.io.IOException: Server returned HTTP response code: 503 for URL: http://paysalb-1524686362.ap-southeast-1.elb.amazonaws.com/AltiFin-Client/ 
2016/03/22 14:52:42 ERROR - jmeter.protocol.http.sampler.HTTPJavaImpl: Cause: java.io.IOException: Server returned HTTP response code: 503 for URL: http://paysalb-1524686362.ap-southeast-1.elb.amazonaws.com/AltiFin-Client/ 
2016/03/22 14:52:42 INFO  - jmeter.protocol.http.sampler.HTTPJavaImpl: Error Response Code: 503, Server sent no Errorpage 
2016/03/22 14:52:42 ERROR - jmeter.protocol.http.sampler.HTTPJavaImpl: readResponse: java.io.IOException: Server returned HTTP response code: 503 for URL: http://paysalb-1524686362.ap-southeast-1.elb.amazonaws.com/AltiFin-Client/resources/login-en_US.json 
2016/03/22 14:52:42 ERROR - jmeter.protocol.http.sampler.HTTPJavaImpl: Cause: java.io.IOException: Server returned HTTP response code: 503 for URL: http://paysalb-1524686362.ap-southeast-1.elb.amazonaws.com/AltiFin-Client/resources/login-en_US.json 
2016/03/22 14:52:42 INFO  - jmeter.protocol.http.sampler.HTTPJavaImpl: Error Response Code: 503, Server sent no Errorpage 
2016/03/22 14:52:42 ERROR - jmeter.protocol.http.sampler.HTTPJavaImpl: readResponse: java.io.IOException: Server returned HTTP response code: 503 for URL: http://paysalb-1524686362.ap-southeast-1.elb.amazonaws.com/AltiFin-Client/views/login.html 
2016/03/22 14:52:42 ERROR - jmeter.protocol.http.sampler.HTTPJavaImpl: Cause: java.io.IOException: Server returned HTTP response code: 503 for URL: http://paysalb-1524686362.ap-southeast-1.elb.amazonaws.com/AltiFin-Client/views/login.html 
2016/03/22 14:52:42 INFO  - jmeter.protocol.http.sampler.HTTPJavaImpl: Error Response Code: 503, Server sent no Errorpage 
2016/03/22 14:52:42 ERROR - jmeter.protocol.http.sampler.HTTPJavaImpl: readResponse: java.io.IOException: Server returned HTTP response code: 503 for URL: http://paysalb-1524686362.ap-southeast-1.elb.amazonaws.com/AltiFin-Client/resources/remitter-en_US.json 
2016/03/22 14:52:42 ERROR - jmeter.protocol.http.sampler.HTTPJavaImpl: Cause: java.io.IOException: Server returned HTTP response code: 503 for URL: http://paysalb-1524686362.ap-southeast-1.elb.amazonaws.com/AltiFin-Client/resources/remitter-en_US.json 
2016/03/22 14:52:42 INFO  - jmeter.protocol.http.sampler.HTTPJavaImpl: Error Response Code: 503, Server sent no Errorpage 
2016/03/22 14:52:43 ERROR - jmeter.protocol.http.sampler.HTTPJavaImpl: readResponse: java.io.IOException: Server returned HTTP response code: 503 for URL: http://paysalb-1524686362.ap-southeast-1.elb.amazonaws.com/AltiFin-DevCom/rest/remit/login 
2016/03/22 14:52:43 ERROR - jmeter.protocol.http.sampler.HTTPJavaImpl: Cause: java.io.IOException: Server returned HTTP response code: 503 for URL: http://paysalb-1524686362.ap-southeast-1.elb.amazonaws.com/AltiFin-DevCom/rest/remit/login 
2016/03/22 14:52:43 INFO  - jmeter.protocol.http.sampler.HTTPJavaImpl: Error Response Code: 503, Server sent no Errorpage 
2016/03/22 14:52:45 INFO  - jmeter.threads.JMeterThread: Thread finished: Thread Group 1-2 
2016/03/22 14:52:45 INFO  - jmeter.engine.StandardJMeterEngine: Ending thread Thread Group 1-2 
2016/03/22 14:52:48 INFO  - jmeter.threads.JMeterThread: Thread started: Thread Group 1-3 
2016/03/22 14:52:48 ERROR - jmeter.config.CSVDataSet: java.io.FileNotFoundException: D:\Altifin\Scriptsc\parameters\remitter_registration.csv (The system cannot find the path specified) 
2016/03/22 14:52:48 ERROR - jmeter.protocol.http.sampler.HTTPJavaImpl: readResponse: java.io.IOException: Server returned HTTP response code: 503 for URL: http://paysalb-1524686362.ap-southeast-1.elb.amazonaws.com/AltiFin-Client/ 
2016/03/22 14:52:48 ERROR - jmeter.protocol.http.sampler.HTTPJavaImpl: Cause: java.io.IOException: Server returned HTTP response code: 503 for URL: http://paysalb-1524686362.ap-southeast-1.elb.amazonaws.com/AltiFin-Client/ 
2016/03/22 14:52:48 INFO  - jmeter.protocol.http.sampler.HTTPJavaImpl: Error Response Code: 503, Server sent no Errorpage 
2016/03/22 14:52:48 ERROR - jmeter.protocol.http.sampler.HTTPJavaImpl: readResponse: java.io.IOException: Server returned HTTP response code: 503 for URL: http://paysalb-1524686362.ap-southeast-1.elb.amazonaws.com/AltiFin-Client/resources/login-en_US.json 
2016/03/22 14:52:48 ERROR - jmeter.protocol.http.sampler.HTTPJavaImpl: Cause: java.io.IOException: Server returned HTTP response code: 503 for URL: http://paysalb-1524686362.ap-southeast-1.elb.amazonaws.com/AltiFin-Client/resources/login-en_US.json 
2016/03/22 14:52:48 INFO  - jmeter.protocol.http.sampler.HTTPJavaImpl: Error Response Code: 503, Server sent no Errorpage 
2016/03/22 14:52:48 ERROR - jmeter.protocol.http.sampler.HTTPJavaImpl: readResponse: java.io.IOException: Server returned HTTP response code: 503 for URL: http://paysalb-1524686362.ap-southeast-1.elb.amazonaws.com/AltiFin-Client/views/login.html 
2016/03/22 14:52:48 ERROR - jmeter.protocol.http.sampler.HTTPJavaImpl: Cause: java.io.IOException: Server returned HTTP response code: 503 for URL: http://paysalb-1524686362.ap-southeast-1.elb.amazonaws.com/AltiFin-Client/views/login.html 
2016/03/22 14:52:48 INFO  - jmeter.protocol.http.sampler.HTTPJavaImpl: Error Response Code: 503, Server sent no Errorpage 
2016/03/22 14:52:48 ERROR - jmeter.protocol.http.sampler.HTTPJavaImpl: readResponse: java.io.IOException: Server returned HTTP response code: 503 for URL: http://paysalb-1524686362.ap-southeast-1.elb.amazonaws.com/AltiFin-Client/resources/remitter-en_US.json 
2016/03/22 14:52:48 ERROR - jmeter.protocol.http.sampler.HTTPJavaImpl: Cause: java.io.IOException: Server returned HTTP response code: 503 for URL: http://paysalb-1524686362.ap-southeast-1.elb.amazonaws.com/AltiFin-Client/resources/remitter-en_US.json 
2016/03/22 14:52:48 INFO  - jmeter.protocol.http.sampler.HTTPJavaImpl: Error Response Code: 503, Server sent no Errorpage 
2016/03/22 14:52:49 ERROR - jmeter.protocol.http.sampler.HTTPJavaImpl: readResponse: java.io.IOException: Server returned HTTP response code: 503 for URL: http://paysalb-1524686362.ap-southeast-1.elb.amazonaws.com/AltiFin-DevCom/rest/remit/login 
2016/03/22 14:52:49 ERROR - jmeter.protocol.http.sampler.HTTPJavaImpl: Cause: java.io.IOException: Server returned HTTP response code: 503 for URL: http://paysalb-1524686362.ap-southeast-1.elb.amazonaws.com/AltiFin-DevCom/rest/remit/login 
2016/03/22 14:52:49 INFO  - jmeter.protocol.http.sampler.HTTPJavaImpl: Error Response Code: 503, Server sent no Errorpage 
2016/03/22 14:52:51 INFO  - jmeter.threads.JMeterThread: Thread finished: Thread Group 1-3 
2016/03/22 14:52:51 INFO  - jmeter.engine.StandardJMeterEngine: Ending thread Thread Group 1-3 
2016/03/22 14:52:54 INFO  - jmeter.threads.JMeterThread: Thread started: Thread Group 1-4 
2016/03/22 14:52:54 ERROR - jmeter.config.CSVDataSet: java.io.FileNotFoundException: D:\Altifin\Scriptsc\parameters\remitter_registration.csv (The system cannot find the path specified) 
2016/03/22 14:52:54 ERROR - jmeter.protocol.http.sampler.HTTPJavaImpl: readResponse: java.io.IOException: Server returned HTTP response code: 503 for URL: http://paysalb-1524686362.ap-southeast-1.elb.amazonaws.com/AltiFin-Client/ 
2016/03/22 14:52:54 ERROR - jmeter.protocol.http.sampler.HTTPJavaImpl: Cause: java.io.IOException: Server returned HTTP response code: 503 for URL: http://paysalb-1524686362.ap-southeast-1.elb.amazonaws.com/AltiFin-Client/ 
2016/03/22 14:52:54 INFO  - jmeter.protocol.http.sampler.HTTPJavaImpl: Error Response Code: 503, Server sent no Errorpage 
2016/03/22 14:52:54 ERROR - jmeter.protocol.http.sampler.HTTPJavaImpl: readResponse: java.io.IOException: Server returned HTTP response code: 503 for URL: http://paysalb-1524686362.ap-southeast-1.elb.amazonaws.com/AltiFin-Client/resources/login-en_US.json 
2016/03/22 14:52:54 ERROR - jmeter.protocol.http.sampler.HTTPJavaImpl: Cause: java.io.IOException: Server returned HTTP response code: 503 for URL: http://paysalb-1524686362.ap-southeast-1.elb.amazonaws.com/AltiFin-Client/resources/login-en_US.json 
2016/03/22 14:52:54 INFO  - jmeter.protocol.http.sampler.HTTPJavaImpl: Error Response Code: 503, Server sent no Errorpage 
2016/03/22 14:52:54 ERROR - jmeter.protocol.http.sampler.HTTPJavaImpl: readResponse: java.io.IOException: Server returned HTTP response code: 503 for URL: http://paysalb-1524686362.ap-southeast-1.elb.amazonaws.com/AltiFin-Client/views/login.html 
2016/03/22 14:52:54 ERROR - jmeter.protocol.http.sampler.HTTPJavaImpl: Cause: java.io.IOException: Server returned HTTP response code: 503 for URL: http://paysalb-1524686362.ap-southeast-1.elb.amazonaws.com/AltiFin-Client/views/login.html 
2016/03/22 14:52:54 INFO  - jmeter.protocol.http.sampler.HTTPJavaImpl: Error Response Code: 503, Server sent no Errorpage 
2016/03/22 14:52:54 ERROR - jmeter.protocol.http.sampler.HTTPJavaImpl: readResponse: java.io.IOException: Server returned HTTP response code: 503 for URL: http://paysalb-1524686362.ap-southeast-1.elb.amazonaws.com/AltiFin-Client/resources/remitter-en_US.json 
2016/03/22 14:52:54 ERROR - jmeter.protocol.http.sampler.HTTPJavaImpl: Cause: java.io.IOException: Server returned HTTP response code: 503 for URL: http://paysalb-1524686362.ap-southeast-1.elb.amazonaws.com/AltiFin-Client/resources/remitter-en_US.json 
2016/03/22 14:52:54 INFO  - jmeter.protocol.http.sampler.HTTPJavaImpl: Error Response Code: 503, Server sent no Errorpage 
2016/03/22 14:52:56 ERROR - jmeter.protocol.http.sampler.HTTPJavaImpl: readResponse: java.io.IOException: Server returned HTTP response code: 503 for URL: http://paysalb-1524686362.ap-southeast-1.elb.amazonaws.com/AltiFin-DevCom/rest/remit/login 
2016/03/22 14:52:56 ERROR - jmeter.protocol.http.sampler.HTTPJavaImpl: Cause: java.io.IOException: Server returned HTTP response code: 503 for URL: http://paysalb-1524686362.ap-southeast-1.elb.amazonaws.com/AltiFin-DevCom/rest/remit/login 
2016/03/22 14:52:56 INFO  - jmeter.protocol.http.sampler.HTTPJavaImpl: Error Response Code: 503, Server sent no Errorpage 
2016/03/22 14:52:58 INFO  - jmeter.threads.JMeterThread: Thread finished: Thread Group 1-4 
2016/03/22 14:52:58 INFO  - jmeter.engine.StandardJMeterEngine: Ending thread Thread Group 1-4 
2016/03/22 14:53:01 INFO  - jmeter.threads.JMeterThread: Thread started: Thread Group 1-5 
2016/03/22 14:53:01 ERROR - jmeter.config.CSVDataSet: java.io.FileNotFoundException: D:\Altifin\Scriptsc\parameters\remitter_registration.csv (The system cannot find the path specified) 
2016/03/22 14:53:01 ERROR - jmeter.protocol.http.sampler.HTTPJavaImpl: readResponse: java.io.IOException: Server returned HTTP response code: 503 for URL: http://paysalb-1524686362.ap-southeast-1.elb.amazonaws.com/AltiFin-Client/ 
2016/03/22 14:53:01 ERROR - jmeter.protocol.http.sampler.HTTPJavaImpl: Cause: java.io.IOException: Server returned HTTP response code: 503 for URL: http://paysalb-1524686362.ap-southeast-1.elb.amazonaws.com/AltiFin-Client/ 
2016/03/22 14:53:01 INFO  - jmeter.protocol.http.sampler.HTTPJavaImpl: Error Response Code: 503, Server sent no Errorpage 
2016/03/22 14:53:01 ERROR - jmeter.protocol.http.sampler.HTTPJavaImpl: readResponse: java.io.IOException: Server returned HTTP response code: 503 for URL: http://paysalb-1524686362.ap-southeast-1.elb.amazonaws.com/AltiFin-Client/resources/login-en_US.json 
2016/03/22 14:53:01 ERROR - jmeter.protocol.http.sampler.HTTPJavaImpl: Cause: java.io.IOException: Server returned HTTP response code: 503 for URL: http://paysalb-1524686362.ap-southeast-1.elb.amazonaws.com/AltiFin-Client/resources/login-en_US.json 
2016/03/22 14:53:01 INFO  - jmeter.protocol.http.sampler.HTTPJavaImpl: Error Response Code: 503, Server sent no Errorpage 
2016/03/22 14:53:01 ERROR - jmeter.protocol.http.sampler.HTTPJavaImpl: readResponse: java.io.IOException: Server returned HTTP response code: 503 for URL: http://paysalb-1524686362.ap-southeast-1.elb.amazonaws.com/AltiFin-Client/views/login.html 
2016/03/22 14:53:01 ERROR - jmeter.protocol.http.sampler.HTTPJavaImpl: Cause: java.io.IOException: Server returned HTTP response code: 503 for URL: http://paysalb-1524686362.ap-southeast-1.elb.amazonaws.com/AltiFin-Client/views/login.html 
2016/03/22 14:53:01 INFO  - jmeter.protocol.http.sampler.HTTPJavaImpl: Error Response Code: 503, Server sent no Errorpage 
2016/03/22 14:53:01 ERROR - jmeter.protocol.http.sampler.HTTPJavaImpl: readResponse: java.io.IOException: Server returned HTTP response code: 503 for URL: http://paysalb-1524686362.ap-southeast-1.elb.amazonaws.com/AltiFin-Client/resources/remitter-en_US.json 
2016/03/22 14:53:01 ERROR - jmeter.protocol.http.sampler.HTTPJavaImpl: Cause: java.io.IOException: Server returned HTTP response code: 503 for URL: http://paysalb-1524686362.ap-southeast-1.elb.amazonaws.com/AltiFin-Client/resources/remitter-en_US.json 
2016/03/22 14:53:01 INFO  - jmeter.protocol.http.sampler.HTTPJavaImpl: Error Response Code: 503, Server sent no Errorpage 
2016/03/22 14:53:02 ERROR - jmeter.protocol.http.sampler.HTTPJavaImpl: readResponse: java.io.IOException: Server returned HTTP response code: 503 for URL: http://paysalb-1524686362.ap-southeast-1.elb.amazonaws.com/AltiFin-DevCom/rest/remit/login 
2016/03/22 14:53:02 ERROR - jmeter.protocol.http.sampler.HTTPJavaImpl: Cause: java.io.IOException: Server returned HTTP response code: 503 for URL: http://paysalb-1524686362.ap-southeast-1.elb.amazonaws.com/AltiFin-DevCom/rest/remit/login 
2016/03/22 14:53:02 INFO  - jmeter.protocol.http.sampler.HTTPJavaImpl: Error Response Code: 503, Server sent no Errorpage 
2016/03/22 14:53:04 INFO  - jmeter.threads.JMeterThread: Thread finished: Thread Group 1-5 
2016/03/22 14:53:04 INFO  - jmeter.engine.StandardJMeterEngine: Ending thread Thread Group 1-5 
2016/03/22 14:53:07 INFO  - jmeter.threads.JMeterThread: Thread started: Thread Group 1-6 
2016/03/22 14:53:07 ERROR - jmeter.config.CSVDataSet: java.io.FileNotFoundException: D:\Altifin\Scriptsc\parameters\remitter_registration.csv (The system cannot find the path specified) 
2016/03/22 14:53:07 ERROR - jmeter.protocol.http.sampler.HTTPJavaImpl: readResponse: java.io.IOException: Server returned HTTP response code: 503 for URL: http://paysalb-1524686362.ap-southeast-1.elb.amazonaws.com/AltiFin-Client/ 
2016/03/22 14:53:07 ERROR - jmeter.protocol.http.sampler.HTTPJavaImpl: Cause: java.io.IOException: Server returned HTTP response code: 503 for URL: http://paysalb-1524686362.ap-southeast-1.elb.amazonaws.com/AltiFin-Client/ 
2016/03/22 14:53:07 INFO  - jmeter.protocol.http.sampler.HTTPJavaImpl: Error Response Code: 503, Server sent no Errorpage 
2016/03/22 14:53:07 ERROR - jmeter.protocol.http.sampler.HTTPJavaImpl: readResponse: java.io.IOException: Server returned HTTP response code: 503 for URL: http://paysalb-1524686362.ap-southeast-1.elb.amazonaws.com/AltiFin-Client/resources/login-en_US.json 
2016/03/22 14:53:07 ERROR - jmeter.protocol.http.sampler.HTTPJavaImpl: Cause: java.io.IOException: Server returned HTTP response code: 503 for URL: http://paysalb-1524686362.ap-southeast-1.elb.amazonaws.com/AltiFin-Client/resources/login-en_US.json 
2016/03/22 14:53:07 INFO  - jmeter.protocol.http.sampler.HTTPJavaImpl: Error Response Code: 503, Server sent no Errorpage 
2016/03/22 14:53:07 ERROR - jmeter.protocol.http.sampler.HTTPJavaImpl: readResponse: java.io.IOException: Server returned HTTP response code: 503 for URL: http://paysalb-1524686362.ap-southeast-1.elb.amazonaws.com/AltiFin-Client/views/login.html 
2016/03/22 14:53:07 ERROR - jmeter.protocol.http.sampler.HTTPJavaImpl: Cause: java.io.IOException: Server returned HTTP response code: 503 for URL: http://paysalb-1524686362.ap-southeast-1.elb.amazonaws.com/AltiFin-Client/views/login.html 
2016/03/22 14:53:07 INFO  - jmeter.protocol.http.sampler.HTTPJavaImpl: Error Response Code: 503, Server sent no Errorpage 
2016/03/22 14:53:07 ERROR - jmeter.protocol.http.sampler.HTTPJavaImpl: readResponse: java.io.IOException: Server returned HTTP response code: 503 for URL: http://paysalb-1524686362.ap-southeast-1.elb.amazonaws.com/AltiFin-Client/resources/remitter-en_US.json 
2016/03/22 14:53:07 ERROR - jmeter.protocol.http.sampler.HTTPJavaImpl: Cause: java.io.IOException: Server returned HTTP response code: 503 for URL: http://paysalb-1524686362.ap-southeast-1.elb.amazonaws.com/AltiFin-Client/resources/remitter-en_US.json 
2016/03/22 14:53:07 INFO  - jmeter.protocol.http.sampler.HTTPJavaImpl: Error Response Code: 503, Server sent no Errorpage 
2016/03/22 14:53:08 ERROR - jmeter.protocol.http.sampler.HTTPJavaImpl: readResponse: java.io.IOException: Server returned HTTP response code: 503 for URL: http://paysalb-1524686362.ap-southeast-1.elb.amazonaws.com/AltiFin-DevCom/rest/remit/login 
2016/03/22 14:53:08 ERROR - jmeter.protocol.http.sampler.HTTPJavaImpl: Cause: java.io.IOException: Server returned HTTP response code: 503 for URL: http://paysalb-1524686362.ap-southeast-1.elb.amazonaws.com/AltiFin-DevCom/rest/remit/login 
2016/03/22 14:53:08 INFO  - jmeter.protocol.http.sampler.HTTPJavaImpl: Error Response Code: 503, Server sent no Errorpage 
2016/03/22 14:53:10 INFO  - jmeter.threads.JMeterThread: Thread finished: Thread Group 1-6 
2016/03/22 14:53:10 INFO  - jmeter.engine.StandardJMeterEngine: Ending thread Thread Group 1-6 
2016/03/22 14:53:13 INFO  - jmeter.threads.JMeterThread: Thread started: Thread Group 1-7 
2016/03/22 14:53:13 ERROR - jmeter.config.CSVDataSet: java.io.FileNotFoundException: D:\Altifin\Scriptsc\parameters\remitter_registration.csv (The system cannot find the path specified) 
2016/03/22 14:53:13 ERROR - jmeter.protocol.http.sampler.HTTPJavaImpl: readResponse: java.io.IOException: Server returned HTTP response code: 503 for URL: http://paysalb-1524686362.ap-southeast-1.elb.amazonaws.com/AltiFin-Client/ 
2016/03/22 14:53:13 ERROR - jmeter.protocol.http.sampler.HTTPJavaImpl: Cause: java.io.IOException: Server returned HTTP response code: 503 for URL: http://paysalb-1524686362.ap-southeast-1.elb.amazonaws.com/AltiFin-Client/ 
2016/03/22 14:53:13 INFO  - jmeter.protocol.http.sampler.HTTPJavaImpl: Error Response Code: 503, Server sent no Errorpage 
2016/03/22 14:53:13 ERROR - jmeter.protocol.http.sampler.HTTPJavaImpl: readResponse: java.io.IOException: Server returned HTTP response code: 503 for URL: http://paysalb-1524686362.ap-southeast-1.elb.amazonaws.com/AltiFin-Client/resources/login-en_US.json 
2016/03/22 14:53:13 ERROR - jmeter.protocol.http.sampler.HTTPJavaImpl: Cause: java.io.IOException: Server returned HTTP response code: 503 for URL: http://paysalb-1524686362.ap-southeast-1.elb.amazonaws.com/AltiFin-Client/resources/login-en_US.json 
2016/03/22 14:53:13 INFO  - jmeter.protocol.http.sampler.HTTPJavaImpl: Error Response Code: 503, Server sent no Errorpage 
2016/03/22 14:53:13 ERROR - jmeter.protocol.http.sampler.HTTPJavaImpl: readResponse: java.io.IOException: Server returned HTTP response code: 503 for URL: http://paysalb-1524686362.ap-southeast-1.elb.amazonaws.com/AltiFin-Client/views/login.html 
2016/03/22 14:53:13 ERROR - jmeter.protocol.http.sampler.HTTPJavaImpl: Cause: java.io.IOException: Server returned HTTP response code: 503 for URL: http://paysalb-1524686362.ap-southeast-1.elb.amazonaws.com/AltiFin-Client/views/login.html 
2016/03/22 14:53:13 INFO  - jmeter.protocol.http.sampler.HTTPJavaImpl: Error Response Code: 503, Server sent no Errorpage 
2016/03/22 14:53:13 ERROR - jmeter.protocol.http.sampler.HTTPJavaImpl: readResponse: java.io.IOException: Server returned HTTP response code: 503 for URL: http://paysalb-1524686362.ap-southeast-1.elb.amazonaws.com/AltiFin-Client/resources/remitter-en_US.json 
2016/03/22 14:53:13 ERROR - jmeter.protocol.http.sampler.HTTPJavaImpl: Cause: java.io.IOException: Server returned HTTP response code: 503 for URL: http://paysalb-1524686362.ap-southeast-1.elb.amazonaws.com/AltiFin-Client/resources/remitter-en_US.json 
2016/03/22 14:53:13 INFO  - jmeter.protocol.http.sampler.HTTPJavaImpl: Error Response Code: 503, Server sent no Errorpage 
2016/03/22 14:53:14 ERROR - jmeter.protocol.http.sampler.HTTPJavaImpl: readResponse: java.io.IOException: Server returned HTTP response code: 503 for URL: http://paysalb-1524686362.ap-southeast-1.elb.amazonaws.com/AltiFin-DevCom/rest/remit/login 
2016/03/22 14:53:14 ERROR - jmeter.protocol.http.sampler.HTTPJavaImpl: Cause: java.io.IOException: Server returned HTTP response code: 503 for URL: http://paysalb-1524686362.ap-southeast-1.elb.amazonaws.com/AltiFin-DevCom/rest/remit/login 
2016/03/22 14:53:14 INFO  - jmeter.protocol.http.sampler.HTTPJavaImpl: Error Response Code: 503, Server sent no Errorpage 
2016/03/22 14:53:16 INFO  - jmeter.threads.JMeterThread: Thread finished: Thread Group 1-7 
2016/03/22 14:53:16 INFO  - jmeter.engine.StandardJMeterEngine: Ending thread Thread Group 1-7 
2016/03/22 14:53:19 INFO  - jmeter.threads.JMeterThread: Thread started: Thread Group 1-8 
2016/03/22 14:53:19 ERROR - jmeter.config.CSVDataSet: java.io.FileNotFoundException: D:\Altifin\Scriptsc\parameters\remitter_registration.csv (The system cannot find the path specified) 
2016/03/22 14:53:19 ERROR - jmeter.protocol.http.sampler.HTTPJavaImpl: readResponse: java.io.IOException: Server returned HTTP response code: 503 for URL: http://paysalb-1524686362.ap-southeast-1.elb.amazonaws.com/AltiFin-Client/ 
2016/03/22 14:53:19 ERROR - jmeter.protocol.http.sampler.HTTPJavaImpl: Cause: java.io.IOException: Server returned HTTP response code: 503 for URL: http://paysalb-1524686362.ap-southeast-1.elb.amazonaws.com/AltiFin-Client/ 
2016/03/22 14:53:19 INFO  - jmeter.protocol.http.sampler.HTTPJavaImpl: Error Response Code: 503, Server sent no Errorpage 
2016/03/22 14:53:19 ERROR - jmeter.protocol.http.sampler.HTTPJavaImpl: readResponse: java.io.IOException: Server returned HTTP response code: 503 for URL: http://paysalb-1524686362.ap-southeast-1.elb.amazonaws.com/AltiFin-Client/resources/login-en_US.json 
2016/03/22 14:53:19 ERROR - jmeter.protocol.http.sampler.HTTPJavaImpl: Cause: java.io.IOException: Server returned HTTP response code: 503 for URL: http://paysalb-1524686362.ap-southeast-1.elb.amazonaws.com/AltiFin-Client/resources/login-en_US.json 
2016/03/22 14:53:19 INFO  - jmeter.protocol.http.sampler.HTTPJavaImpl: Error Response Code: 503, Server sent no Errorpage 
2016/03/22 14:53:19 ERROR - jmeter.protocol.http.sampler.HTTPJavaImpl: readResponse: java.io.IOException: Server returned HTTP response code: 503 for URL: http://paysalb-1524686362.ap-southeast-1.elb.amazonaws.com/AltiFin-Client/views/login.html 
2016/03/22 14:53:19 ERROR - jmeter.protocol.http.sampler.HTTPJavaImpl: Cause: java.io.IOException: Server returned HTTP response code: 503 for URL: http://paysalb-1524686362.ap-southeast-1.elb.amazonaws.com/AltiFin-Client/views/login.html 
2016/03/22 14:53:19 INFO  - jmeter.protocol.http.sampler.HTTPJavaImpl: Error Response Code: 503, Server sent no Errorpage 
2016/03/22 14:53:20 ERROR - jmeter.protocol.http.sampler.HTTPJavaImpl: readResponse: java.io.IOException: Server returned HTTP response code: 503 for URL: http://paysalb-1524686362.ap-southeast-1.elb.amazonaws.com/AltiFin-Client/resources/remitter-en_US.json 
2016/03/22 14:53:20 ERROR - jmeter.protocol.http.sampler.HTTPJavaImpl: Cause: java.io.IOException: Server returned HTTP response code: 503 for URL: http://paysalb-1524686362.ap-southeast-1.elb.amazonaws.com/AltiFin-Client/resources/remitter-en_US.json 
2016/03/22 14:53:20 INFO  - jmeter.protocol.http.sampler.HTTPJavaImpl: Error Response Code: 503, Server sent no Errorpage 
2016/03/22 14:53:21 ERROR - jmeter.protocol.http.sampler.HTTPJavaImpl: readResponse: java.io.IOException: Server returned HTTP response code: 503 for URL: http://paysalb-1524686362.ap-southeast-1.elb.amazonaws.com/AltiFin-DevCom/rest/remit/login 
2016/03/22 14:53:21 ERROR - jmeter.protocol.http.sampler.HTTPJavaImpl: Cause: java.io.IOException: Server returned HTTP response code: 503 for URL: http://paysalb-1524686362.ap-southeast-1.elb.amazonaws.com/AltiFin-DevCom/rest/remit/login 
2016/03/22 14:53:21 INFO  - jmeter.protocol.http.sampler.HTTPJavaImpl: Error Response Code: 503, Server sent no Errorpage 
2016/03/22 14:53:23 INFO  - jmeter.threads.JMeterThread: Thread finished: Thread Group 1-8 
2016/03/22 14:53:23 INFO  - jmeter.engine.StandardJMeterEngine: Ending thread Thread Group 1-8 
2016/03/22 14:53:23 INFO  - jmeter.engine.StandardJMeterEngine: Notifying test listeners of end of test 
2016/03/22 14:53:23 INFO  - jmeter.engine.StandardJMeterEngine: Test has ended on host null 
